[debug] ----------------------------------------------------------------------
[debug] Command:      C:\Program Files\nodejs\node.exe C:\Users\matan tsuberi\AppData\Roaming\npm\node_modules\firebase-tools\bin\firebase deploy --only functions
[debug] CLI Version:  3.5.0
[debug] Platform:     win32
[debug] Node Version: v6.9.2
[debug] Time:         Tue Apr 18 2017 23:01:00 GMT+0300 (Jerusalem Daylight Time)
[debug] ----------------------------------------------------------------------
[debug] 
[debug] > command requires scopes: ["email","openid","https://www.googleapis.com/auth/cloudplatformprojects.readonly","https://www.googleapis.com/auth/firebase","https://www.googleapis.com/auth/cloud-platform"]
[debug] > refreshing access token with scopes: ["email","https://www.googleapis.com/auth/cloud-platform","https://www.googleapis.com/auth/cloudplatformprojects.readonly","https://www.googleapis.com/auth/firebase","openid"]
[debug] >>> HTTP REQUEST POST https://www.googleapis.com/oauth2/v3/token { refresh_token: '1/S86TxUVv_3EHX5eU-fKmj_UHoAYjzfkX86vDbWNUgAuRVtjxMpGlJAGPD487fsFe',
  client_id: '563584335869-fgrhgmd47bqnekij5i8b5pr03ho849e6.apps.googleusercontent.com',
  client_secret: 'j9iVZfS8kkCEFUPaAeJV0sAi',
  grant_type: 'refresh_token',
  scope: 'email https://www.googleapis.com/auth/cloud-platform https://www.googleapis.com/auth/cloudplatformprojects.readonly https://www.googleapis.com/auth/firebase openid' } 
 Tue Apr 18 2017 23:01:00 GMT+0300 (Jerusalem Daylight Time)
[debug] <<< HTTP RESPONSE 200
[debug] >>> HTTP REQUEST GET https://admin.firebase.com/v1/projects/texasholdem-7ff59  
 Tue Apr 18 2017 23:01:00 GMT+0300 (Jerusalem Daylight Time)
[debug] <<< HTTP RESPONSE 200
[debug] >>> HTTP REQUEST GET https://admin.firebase.com/v1/database/texasholdem-7ff59/tokens  
 Tue Apr 18 2017 23:01:01 GMT+0300 (Jerusalem Daylight Time)
