0 info it worked if it ends with ok
1 verbose cli [ 'C:\\Program Files\\nodejs\\node.exe',
1 verbose cli   'C:\\Program Files\\nodejs\\node_modules\\npm\\bin\\npm-cli.js',
1 verbose cli   'run',
1 verbose cli   'functions' ]
2 info using npm@3.10.10
3 info using node@v6.10.2
4 verbose config Skipping project config: C:\Users\Daniel/.npmrc. (matches userconfig)
5 verbose run-script [ 'prefunctions', 'functions', 'postfunctions' ]
6 info lifecycle functions@~prefunctions: functions@
7 silly lifecycle functions@~prefunctions: no script for prefunctions, continuing
8 info lifecycle functions@~functions: functions@
9 verbose lifecycle functions@~functions: unsafe-perm in lifecycle true
10 verbose lifecycle functions@~functions: PATH: C:\Program Files\nodejs\node_modules\npm\bin\node-gyp-bin;C:\Users\Daniel\node_modules\.bin;C:\ProgramData\Oracle\Java\javapath;C:\Program Files (x86)\Intel\iCLS Client\;C:\Program Files\Intel\iCLS Client\;C:\Windows\system32;C:\Windows;C:\Windows\System32\Wbem;C:\Windows\System32\WindowsPowerShell\v1.0\;C:\Program Files (x86)\Intel\Intel(R) Management Engine Components\DAL;C:\Program Files\Intel\Intel(R) Management Engine Components\DAL;C:\Program Files (x86)\Intel\Intel(R) Management Engine Components\IPT;C:\Program Files\Intel\Intel(R) Management Engine Components\IPT;C:\Program Files (x86)\NVIDIA Corporation\PhysX\Common;D:\Skype\Phone\;C:\Program Files (x86)\Windows Kits\8.1\Windows Performance Toolkit\;C:\Program Files\Microsoft SQL Server\110\Tools\Binn\;C:\WINDOWS\system32;C:\WINDOWS;C:\WINDOWS\System32\Wbem;C:\WINDOWS\System32\WindowsPowerShell\v1.0\;D:\MATLAB\R2016a\runtime\win64;D:\MATLAB\R2016a\bin;D:\MATLAB\R2016a\polyspace\bin;C:\Program Files\nodejs\;C:\Program Files\Git\cmd;C:\Users\Daniel\AppData\Local\Microsoft\WindowsApps;;C:\Program Files (x86)\Microsoft VS Code\bin;C:\Users\Daniel\AppData\Roaming\npm
11 verbose lifecycle functions@~functions: CWD: C:\Users\Daniel
12 silly lifecycle functions@~functions: Args: [ '/d /s /c',
12 silly lifecycle   'npm run build && firebase deploy --only functions' ]
13 silly lifecycle functions@~functions: Returned: code: 1  signal: null
14 info lifecycle functions@~functions: Failed to exec functions script
15 verbose stack Error: functions@ functions: `npm run build && firebase deploy --only functions`
15 verbose stack Exit status 1
15 verbose stack     at EventEmitter.<anonymous> (C:\Program Files\nodejs\node_modules\npm\lib\utils\lifecycle.js:255:16)
15 verbose stack     at emitTwo (events.js:106:13)
15 verbose stack     at EventEmitter.emit (events.js:191:7)
15 verbose stack     at ChildProcess.<anonymous> (C:\Program Files\nodejs\node_modules\npm\lib\utils\spawn.js:40:14)
15 verbose stack     at emitTwo (events.js:106:13)
15 verbose stack     at ChildProcess.emit (events.js:191:7)
15 verbose stack     at maybeClose (internal/child_process.js:886:16)
15 verbose stack     at Process.ChildProcess._handle.onexit (internal/child_process.js:226:5)
16 verbose pkgid functions@
17 verbose cwd C:\Users\Daniel\TexasHoldem
18 error Windows_NT 10.0.14393
19 error argv "C:\\Program Files\\nodejs\\node.exe" "C:\\Program Files\\nodejs\\node_modules\\npm\\bin\\npm-cli.js" "run" "functions"
20 error node v6.10.2
21 error npm  v3.10.10
22 error code ELIFECYCLE
23 error functions@ functions: `npm run build && firebase deploy --only functions`
23 error Exit status 1
24 error Failed at the functions@ functions script 'npm run build && firebase deploy --only functions'.
24 error Make sure you have the latest version of node.js and npm installed.
24 error If you do, this is most likely a problem with the functions package,
24 error not with npm itself.
24 error Tell the author that this fails on your system:
24 error     npm run build && firebase deploy --only functions
24 error You can get information on how to open an issue for this project with:
24 error     npm bugs functions
24 error Or if that isn't available, you can get their info via:
24 error     npm owner ls functions
24 error There is likely additional logging output above.
25 verbose exit [ 1, true ]
